<?xml version="1.0" encoding="UTF-8"?>
<coverage generated="1782037678346" clover="3.2.0">
  <project timestamp="1782037678346" name="All files">
    <metrics statements="150" coveredstatements="127" conditionals="208" coveredconditionals="164" methods="9" coveredmethods="9" elements="367" coveredelements="300" complexity="0" loc="150" ncloc="150" packages="1" files="2" classes="2"/>
    <file name="ecocart.ts" path="D:\Ecocart\src\lib\ecocart.ts">
      <metrics statements="27" coveredstatements="16" conditionals="59" coveredconditionals="23" methods="5" coveredmethods="5"/>
      <line num="44" count="1" type="stmt"/>
      <line num="83" count="150" type="stmt"/>
      <line num="85" count="1" type="stmt"/>
      <line num="156" count="2" type="stmt"/>
      <line num="158" count="2" type="cond" truecount="1" falsecount="1"/>
      <line num="159" count="0" type="cond" truecount="0" falsecount="2"/>
      <line num="160" count="0" type="cond" truecount="0" falsecount="2"/>
      <line num="161" count="0" type="cond" truecount="0" falsecount="2"/>
      <line num="162" count="0" type="cond" truecount="0" falsecount="2"/>
      <line num="163" count="0" type="cond" truecount="0" falsecount="2"/>
      <line num="164" count="0" type="cond" truecount="0" falsecount="2"/>
      <line num="165" count="0" type="cond" truecount="0" falsecount="2"/>
      <line num="166" count="0" type="cond" truecount="0" falsecount="2"/>
      <line num="167" count="0" type="cond" truecount="0" falsecount="2"/>
      <line num="169" count="0" type="stmt"/>
      <line num="180" count="8" type="stmt"/>
      <line num="181" count="8" type="stmt"/>
      <line num="182" count="160" type="cond" truecount="2" falsecount="0"/>
      <line num="183" count="8" type="stmt"/>
      <line num="186" count="0" type="stmt"/>
      <line num="196" count="1" type="stmt"/>
      <line num="197" count="1" type="stmt"/>
      <line num="198" count="1" type="stmt"/>
      <line num="209" count="1" type="stmt"/>
      <line num="210" count="1" type="cond" truecount="1" falsecount="1"/>
      <line num="211" count="1" type="stmt"/>
      <line num="213" count="1" type="stmt"/>
    </file>
    <file name="rules.ts" path="D:\Ecocart\src\lib\rules.ts">
      <metrics statements="123" coveredstatements="111" conditionals="149" coveredconditionals="141" methods="4" coveredmethods="4"/>
      <line num="8" count="1" type="stmt"/>
      <line num="52" count="1" type="stmt"/>
      <line num="70" count="1" type="stmt"/>
      <line num="87" count="1" type="stmt"/>
      <line num="98" count="40" type="stmt"/>
      <line num="100" count="40" type="cond" truecount="2" falsecount="0"/>
      <line num="101" count="37" type="cond" truecount="2" falsecount="0"/>
      <line num="102" count="32" type="cond" truecount="2" falsecount="0"/>
      <line num="103" count="31" type="cond" truecount="2" falsecount="0"/>
      <line num="104" count="26" type="cond" truecount="2" falsecount="0"/>
      <line num="105" count="22" type="cond" truecount="2" falsecount="0"/>
      <line num="106" count="21" type="cond" truecount="2" falsecount="0"/>
      <line num="107" count="12" type="cond" truecount="2" falsecount="0"/>
      <line num="108" count="11" type="cond" truecount="1" falsecount="1"/>
      <line num="109" count="11" type="cond" truecount="1" falsecount="1"/>
      <line num="111" count="11" type="stmt"/>
      <line num="126" count="40" type="stmt"/>
      <line num="127" count="40" type="stmt"/>
      <line num="129" count="40" type="cond" truecount="8" falsecount="0"/>
      <line num="130" count="40" type="cond" truecount="2" falsecount="0"/>
      <line num="131" count="40" type="stmt"/>
      <line num="134" count="40" type="cond" truecount="2" falsecount="0"/>
      <line num="135" count="40" type="cond" truecount="2" falsecount="0"/>
      <line num="136" count="40" type="cond" truecount="2" falsecount="0"/>
      <line num="139" count="40" type="cond" truecount="5" falsecount="0"/>
      <line num="140" count="23" type="stmt"/>
      <line num="141" count="17" type="cond" truecount="5" falsecount="0"/>
      <line num="142" count="13" type="stmt"/>
      <line num="144" count="4" type="stmt"/>
      <line num="148" count="40" type="stmt"/>
      <line num="149" count="40" type="stmt"/>
      <line num="152" count="40" type="stmt"/>
      <line num="153" count="44" type="stmt"/>
      <line num="154" count="1116" type="cond" truecount="2" falsecount="0"/>
      <line num="156" count="17" type="stmt"/>
      <line num="157" count="194" type="cond" truecount="2" falsecount="0"/>
      <line num="159" count="8" type="stmt"/>
      <line num="163" count="40" type="cond" truecount="4" falsecount="0"/>
      <line num="164" count="40" type="stmt"/>
      <line num="167" count="40" type="cond" truecount="2" falsecount="0"/>
      <line num="168" count="4" type="stmt"/>
      <line num="171" count="40" type="cond" truecount="2" falsecount="0"/>
      <line num="172" count="36" type="stmt"/>
      <line num="173" count="36" type="stmt"/>
      <line num="174" count="36" type="cond" truecount="2" falsecount="0"/>
      <line num="175" count="33" type="cond" truecount="2" falsecount="0"/>
      <line num="176" count="9" type="stmt"/>
      <line num="178" count="36" type="cond" truecount="2" falsecount="0"/>
      <line num="179" count="3" type="stmt"/>
      <line num="183" count="40" type="stmt"/>
      <line num="184" count="40" type="stmt"/>
      <line num="185" count="40" type="cond" truecount="2" falsecount="0"/>
      <line num="186" count="40" type="cond" truecount="2" falsecount="0"/>
      <line num="189" count="40" type="stmt"/>
      <line num="190" count="560" type="cond" truecount="4" falsecount="0"/>
      <line num="191" count="19" type="stmt"/>
      <line num="192" count="19" type="cond" truecount="4" falsecount="0"/>
      <line num="193" count="10" type="stmt"/>
      <line num="199" count="40" type="cond" truecount="5" falsecount="0"/>
      <line num="200" count="3" type="stmt"/>
      <line num="201" count="3" type="stmt"/>
      <line num="205" count="40" type="cond" truecount="2" falsecount="0"/>
      <line num="206" count="4" type="cond" truecount="1" falsecount="1"/>
      <line num="207" count="0" type="stmt"/>
      <line num="208" count="0" type="stmt"/>
      <line num="210" count="4" type="stmt"/>
      <line num="215" count="40" type="stmt"/>
      <line num="216" count="40" type="cond" truecount="4" falsecount="0"/>
      <line num="217" count="9" type="stmt"/>
      <line num="218" count="31" type="cond" truecount="6" falsecount="0"/>
      <line num="219" count="2" type="stmt"/>
      <line num="220" count="2" type="stmt"/>
      <line num="221" count="29" type="cond" truecount="3" falsecount="1"/>
      <line num="222" count="0" type="stmt"/>
      <line num="223" count="0" type="stmt"/>
      <line num="224" count="29" type="cond" truecount="2" falsecount="0"/>
      <line num="225" count="1" type="stmt"/>
      <line num="226" count="1" type="stmt"/>
      <line num="232" count="40" type="stmt"/>
      <line num="233" count="40" type="cond" truecount="6" falsecount="0"/>
      <line num="234" count="3" type="stmt"/>
      <line num="235" count="3" type="stmt"/>
      <line num="236" count="37" type="cond" truecount="4" falsecount="1"/>
      <line num="237" count="0" type="stmt"/>
      <line num="238" count="0" type="stmt"/>
      <line num="242" count="40" type="stmt"/>
      <line num="243" count="40" type="cond" truecount="5" falsecount="1"/>
      <line num="244" count="0" type="stmt"/>
      <line num="245" count="0" type="stmt"/>
      <line num="246" count="40" type="cond" truecount="6" falsecount="1"/>
      <line num="247" count="0" type="stmt"/>
      <line num="248" count="0" type="stmt"/>
      <line num="252" count="40" type="stmt"/>
      <line num="253" count="965" type="cond" truecount="2" falsecount="0"/>
      <line num="254" count="3" type="stmt"/>
      <line num="255" count="3" type="stmt"/>
      <line num="259" count="40" type="cond" truecount="3" falsecount="1"/>
      <line num="260" count="0" type="stmt"/>
      <line num="261" count="0" type="stmt"/>
      <line num="265" count="40" type="stmt"/>
      <line num="266" count="40" type="stmt"/>
      <line num="271" count="40" type="cond" truecount="6" falsecount="0"/>
      <line num="272" count="4" type="stmt"/>
      <line num="273" count="4" type="stmt"/>
      <line num="274" count="36" type="cond" truecount="2" falsecount="0"/>
      <line num="275" count="9" type="stmt"/>
      <line num="276" count="9" type="stmt"/>
      <line num="277" count="27" type="cond" truecount="2" falsecount="0"/>
      <line num="278" count="10" type="stmt"/>
      <line num="279" count="10" type="stmt"/>
      <line num="280" count="17" type="cond" truecount="2" falsecount="0"/>
      <line num="281" count="2" type="stmt"/>
      <line num="282" count="2" type="stmt"/>
      <line num="284" count="15" type="stmt"/>
      <line num="285" count="15" type="stmt"/>
      <line num="289" count="40" type="cond" truecount="2" falsecount="0"/>
      <line num="290" count="16" type="stmt"/>
      <line num="291" count="24" type="cond" truecount="2" falsecount="0"/>
      <line num="292" count="7" type="stmt"/>
      <line num="293" count="17" type="cond" truecount="2" falsecount="0"/>
      <line num="294" count="11" type="stmt"/>
      <line num="296" count="6" type="stmt"/>
      <line num="299" count="40" type="stmt"/>
    </file>
  </project>
</coverage>
