{"D:\\Ecocart\\src\\lib\\ecocart.ts": {"path":"D:\\Ecocart\\src\\lib\\ecocart.ts","statementMap":{"0":{"start":{"line":44,"column":26},"end":{"line":83,"column":null}},"1":{"start":{"line":83,"column":17},"end":{"line":83,"column":36}},"2":{"start":{"line":85,"column":80},"end":{"line":147,"column":null}},"3":{"start":{"line":156,"column":16},"end":{"line":156,"column":null}},"4":{"start":{"line":158,"column":2},"end":{"line":158,"column":null}},"5":{"start":{"line":158,"column":142},"end":{"line":158,"column":null}},"6":{"start":{"line":159,"column":2},"end":{"line":159,"column":null}},"7":{"start":{"line":159,"column":113},"end":{"line":159,"column":null}},"8":{"start":{"line":160,"column":2},"end":{"line":160,"column":null}},"9":{"start":{"line":160,"column":109},"end":{"line":160,"column":null}},"10":{"start":{"line":161,"column":2},"end":{"line":161,"column":null}},"11":{"start":{"line":161,"column":95},"end":{"line":161,"column":null}},"12":{"start":{"line":162,"column":2},"end":{"line":162,"column":null}},"13":{"start":{"line":162,"column":104},"end":{"line":162,"column":null}},"14":{"start":{"line":163,"column":2},"end":{"line":163,"column":null}},"15":{"start":{"line":163,"column":94},"end":{"line":163,"column":null}},"16":{"start":{"line":164,"column":2},"end":{"line":164,"column":null}},"17":{"start":{"line":164,"column":94},"end":{"line":164,"column":null}},"18":{"start":{"line":165,"column":2},"end":{"line":165,"column":null}},"19":{"start":{"line":165,"column":82},"end":{"line":165,"column":null}},"20":{"start":{"line":166,"column":2},"end":{"line":166,"column":null}},"21":{"start":{"line":166,"column":65},"end":{"line":166,"column":null}},"22":{"start":{"line":167,"column":2},"end":{"line":167,"column":null}},"23":{"start":{"line":167,"column":69},"end":{"line":167,"column":null}},"24":{"start":{"line":169,"column":2},"end":{"line":169,"column":null}},"25":{"start":{"line":180,"column":15},"end":{"line":180,"column":null}},"26":{"start":{"line":181,"column":2},"end":{"line":185,"column":null}},"27":{"start":{"line":182,"column":4},"end":{"line":184,"column":null}},"28":{"start":{"line":183,"column":6},"end":{"line":183,"column":null}},"29":{"start":{"line":186,"column":2},"end":{"line":186,"column":null}},"30":{"start":{"line":196,"column":15},"end":{"line":196,"column":null}},"31":{"start":{"line":197,"column":19},"end":{"line":197,"column":null}},"32":{"start":{"line":198,"column":2},"end":{"line":198,"column":null}},"33":{"start":{"line":209,"column":15},"end":{"line":209,"column":null}},"34":{"start":{"line":210,"column":8},"end":{"line":210,"column":null}},"35":{"start":{"line":211,"column":19},"end":{"line":211,"column":null}},"36":{"start":{"line":213,"column":2},"end":{"line":250,"column":null}}},"fnMap":{"0":{"name":"(anonymous_0)","decl":{"start":{"line":83,"column":2},"end":{"line":83,"column":8}},"loc":{"start":{"line":83,"column":17},"end":{"line":83,"column":36}},"line":83},"1":{"name":"detectProductCategoryFromText","decl":{"start":{"line":155,"column":16},"end":{"line":155,"column":46}},"loc":{"start":{"line":155,"column":77},"end":{"line":170,"column":null}},"line":155},"2":{"name":"detectMaterialFromSources","decl":{"start":{"line":179,"column":16},"end":{"line":179,"column":42}},"loc":{"start":{"line":179,"column":96},"end":{"line":187,"column":null}},"line":179},"3":{"name":"getAlternativesForProduct","decl":{"start":{"line":195,"column":16},"end":{"line":195,"column":42}},"loc":{"start":{"line":195,"column":108},"end":{"line":199,"column":null}},"line":195},"4":{"name":"getScoreInsights","decl":{"start":{"line":208,"column":16},"end":{"line":208,"column":33}},"loc":{"start":{"line":208,"column":201},"end":{"line":251,"column":null}},"line":208}},"branchMap":{"0":{"loc":{"start":{"line":158,"column":2},"end":{"line":158,"column":null}},"type":"if","locations":[{"start":{"line":158,"column":2},"end":{"line":158,"column":null}},{"start":{},"end":{}}],"line":158},"1":{"loc":{"start":{"line":159,"column":2},"end":{"line":159,"column":null}},"type":"if","locations":[{"start":{"line":159,"column":2},"end":{"line":159,"column":null}},{"start":{},"end":{}}],"line":159},"2":{"loc":{"start":{"line":160,"column":2},"end":{"line":160,"column":null}},"type":"if","locations":[{"start":{"line":160,"column":2},"end":{"line":160,"column":null}},{"start":{},"end":{}}],"line":160},"3":{"loc":{"start":{"line":161,"column":2},"end":{"line":161,"column":null}},"type":"if","locations":[{"start":{"line":161,"column":2},"end":{"line":161,"column":null}},{"start":{},"end":{}}],"line":161},"4":{"loc":{"start":{"line":162,"column":2},"end":{"line":162,"column":null}},"type":"if","locations":[{"start":{"line":162,"column":2},"end":{"line":162,"column":null}},{"start":{},"end":{}}],"line":162},"5":{"loc":{"start":{"line":163,"column":2},"end":{"line":163,"column":null}},"type":"if","locations":[{"start":{"line":163,"column":2},"end":{"line":163,"column":null}},{"start":{},"end":{}}],"line":163},"6":{"loc":{"start":{"line":164,"column":2},"end":{"line":164,"column":null}},"type":"if","locations":[{"start":{"line":164,"column":2},"end":{"line":164,"column":null}},{"start":{},"end":{}}],"line":164},"7":{"loc":{"start":{"line":165,"column":2},"end":{"line":165,"column":null}},"type":"if","locations":[{"start":{"line":165,"column":2},"end":{"line":165,"column":null}},{"start":{},"end":{}}],"line":165},"8":{"loc":{"start":{"line":166,"column":2},"end":{"line":166,"column":null}},"type":"if","locations":[{"start":{"line":166,"column":2},"end":{"line":166,"column":null}},{"start":{},"end":{}}],"line":166},"9":{"loc":{"start":{"line":167,"column":2},"end":{"line":167,"column":null}},"type":"if","locations":[{"start":{"line":167,"column":2},"end":{"line":167,"column":null}},{"start":{},"end":{}}],"line":167},"10":{"loc":{"start":{"line":182,"column":4},"end":{"line":184,"column":null}},"type":"if","locations":[{"start":{"line":182,"column":4},"end":{"line":184,"column":null}},{"start":{},"end":{}}],"line":182},"11":{"loc":{"start":{"line":210,"column":17},"end":{"line":210,"column":39}},"type":"binary-expr","locations":[{"start":{"line":210,"column":17},"end":{"line":210,"column":35}},{"start":{"line":210,"column":35},"end":{"line":210,"column":39}}],"line":210},"12":{"loc":{"start":{"line":218,"column":12},"end":{"line":218,"column":null}},"type":"cond-expr","locations":[{"start":{"line":218,"column":23},"end":{"line":218,"column":58}},{"start":{"line":218,"column":58},"end":{"line":218,"column":null}}],"line":218},"13":{"loc":{"start":{"line":222,"column":13},"end":{"line":222,"column":null}},"type":"cond-expr","locations":[{"start":{"line":222,"column":72},"end":{"line":222,"column":77}},{"start":{"line":222,"column":77},"end":{"line":222,"column":null}}],"line":222},"14":{"loc":{"start":{"line":222,"column":13},"end":{"line":222,"column":72}},"type":"binary-expr","locations":[{"start":{"line":222,"column":13},"end":{"line":222,"column":44}},{"start":{"line":222,"column":44},"end":{"line":222,"column":72}}],"line":222},"15":{"loc":{"start":{"line":224,"column":12},"end":{"line":224,"column":null}},"type":"cond-expr","locations":[{"start":{"line":224,"column":71},"end":{"line":224,"column":116}},{"start":{"line":224,"column":116},"end":{"line":224,"column":null}}],"line":224},"16":{"loc":{"start":{"line":224,"column":12},"end":{"line":224,"column":71}},"type":"binary-expr","locations":[{"start":{"line":224,"column":12},"end":{"line":224,"column":43}},{"start":{"line":224,"column":43},"end":{"line":224,"column":71}}],"line":224},"17":{"loc":{"start":{"line":230,"column":12},"end":{"line":230,"column":null}},"type":"cond-expr","locations":[{"start":{"line":230,"column":132},"end":{"line":230,"column":175}},{"start":{"line":230,"column":175},"end":{"line":230,"column":null}}],"line":230},"18":{"loc":{"start":{"line":230,"column":12},"end":{"line":230,"column":132}},"type":"binary-expr","locations":[{"start":{"line":230,"column":12},"end":{"line":230,"column":40}},{"start":{"line":230,"column":40},"end":{"line":230,"column":73}},{"start":{"line":230,"column":73},"end":{"line":230,"column":104}},{"start":{"line":230,"column":104},"end":{"line":230,"column":132}}],"line":230},"19":{"loc":{"start":{"line":236,"column":12},"end":{"line":236,"column":null}},"type":"cond-expr","locations":[{"start":{"line":236,"column":167},"end":{"line":236,"column":215}},{"start":{"line":236,"column":215},"end":{"line":236,"column":null}}],"line":236},"20":{"loc":{"start":{"line":236,"column":12},"end":{"line":236,"column":167}},"type":"binary-expr","locations":[{"start":{"line":236,"column":12},"end":{"line":236,"column":55}},{"start":{"line":236,"column":55},"end":{"line":236,"column":96}},{"start":{"line":236,"column":96},"end":{"line":236,"column":134}},{"start":{"line":236,"column":134},"end":{"line":236,"column":167}}],"line":236},"21":{"loc":{"start":{"line":242,"column":12},"end":{"line":242,"column":null}},"type":"cond-expr","locations":[{"start":{"line":242,"column":148},"end":{"line":242,"column":186}},{"start":{"line":242,"column":186},"end":{"line":242,"column":null}}],"line":242},"22":{"loc":{"start":{"line":242,"column":12},"end":{"line":242,"column":148}},"type":"binary-expr","locations":[{"start":{"line":242,"column":12},"end":{"line":242,"column":46}},{"start":{"line":242,"column":46},"end":{"line":242,"column":82}},{"start":{"line":242,"column":82},"end":{"line":242,"column":120}},{"start":{"line":242,"column":120},"end":{"line":242,"column":148}}],"line":242},"23":{"loc":{"start":{"line":248,"column":12},"end":{"line":248,"column":null}},"type":"cond-expr","locations":[{"start":{"line":248,"column":156},"end":{"line":248,"column":201}},{"start":{"line":248,"column":201},"end":{"line":248,"column":null}}],"line":248},"24":{"loc":{"start":{"line":248,"column":12},"end":{"line":248,"column":156}},"type":"binary-expr","locations":[{"start":{"line":248,"column":12},"end":{"line":248,"column":43}},{"start":{"line":248,"column":43},"end":{"line":248,"column":73}},{"start":{"line":248,"column":73},"end":{"line":248,"column":102}},{"start":{"line":248,"column":102},"end":{"line":248,"column":128}},{"start":{"line":248,"column":128},"end":{"line":248,"column":156}}],"line":248}},"s":{"0":1,"1":150,"2":1,"3":2,"4":2,"5":2,"6":0,"7":0,"8":0,"9":0,"10":0,"11":0,"12":0,"13":0,"14":0,"15":0,"16":0,"17":0,"18":0,"19":0,"20":0,"21":0,"22":0,"23":0,"24":0,"25":8,"26":8,"27":160,"28":8,"29":0,"30":1,"31":1,"32":1,"33":1,"34":1,"35":1,"36":1},"f":{"0":150,"1":2,"2":8,"3":1,"4":1},"b":{"0":[2,0],"1":[0,0],"2":[0,0],"3":[0,0],"4":[0,0],"5":[0,0],"6":[0,0],"7":[0,0],"8":[0,0],"9":[0,0],"10":[8,152],"11":[1,0],"12":[1,0],"13":[1,0],"14":[1,1],"15":[1,0],"16":[1,1],"17":[1,0],"18":[1,0,0,0],"19":[1,0],"20":[1,1,0,0],"21":[0,1],"22":[1,1,1,1],"23":[1,0],"24":[1,0,0,0,0]},"meta":{"lastBranch":25,"lastFunction":5,"lastStatement":37,"seen":{"s:44:26:83:Infinity":0,"f:83:2:83:8":0,"s:83:17:83:36":1,"s:85:80:147:Infinity":2,"f:155:16:155:46":1,"s:156:16:156:Infinity":3,"b:158:2:158:Infinity:undefined:undefined:undefined:undefined":0,"s:158:2:158:Infinity":4,"s:158:142:158:Infinity":5,"b:159:2:159:Infinity:undefined:undefined:undefined:undefined":1,"s:159:2:159:Infinity":6,"s:159:113:159:Infinity":7,"b:160:2:160:Infinity:undefined:undefined:undefined:undefined":2,"s:160:2:160:Infinity":8,"s:160:109:160:Infinity":9,"b:161:2:161:Infinity:undefined:undefined:undefined:undefined":3,"s:161:2:161:Infinity":10,"s:161:95:161:Infinity":11,"b:162:2:162:Infinity:undefined:undefined:undefined:undefined":4,"s:162:2:162:Infinity":12,"s:162:104:162:Infinity":13,"b:163:2:163:Infinity:undefined:undefined:undefined:undefined":5,"s:163:2:163:Infinity":14,"s:163:94:163:Infinity":15,"b:164:2:164:Infinity:undefined:undefined:undefined:undefined":6,"s:164:2:164:Infinity":16,"s:164:94:164:Infinity":17,"b:165:2:165:Infinity:undefined:undefined:undefined:undefined":7,"s:165:2:165:Infinity":18,"s:165:82:165:Infinity":19,"b:166:2:166:Infinity:undefined:undefined:undefined:undefined":8,"s:166:2:166:Infinity":20,"s:166:65:166:Infinity":21,"b:167:2:167:Infinity:undefined:undefined:undefined:undefined":9,"s:167:2:167:Infinity":22,"s:167:69:167:Infinity":23,"s:169:2:169:Infinity":24,"f:179:16:179:42":2,"s:180:15:180:Infinity":25,"s:181:2:185:Infinity":26,"b:182:4:184:Infinity:undefined:undefined:undefined:undefined":10,"s:182:4:184:Infinity":27,"s:183:6:183:Infinity":28,"s:186:2:186:Infinity":29,"f:195:16:195:42":3,"s:196:15:196:Infinity":30,"s:197:19:197:Infinity":31,"s:198:2:198:Infinity":32,"f:208:16:208:33":4,"s:209:15:209:Infinity":33,"s:210:8:210:Infinity":34,"b:210:17:210:35:210:35:210:39":11,"s:211:19:211:Infinity":35,"s:213:2:250:Infinity":36,"b:218:23:218:58:218:58:218:Infinity":12,"b:222:72:222:77:222:77:222:Infinity":13,"b:222:13:222:44:222:44:222:72":14,"b:224:71:224:116:224:116:224:Infinity":15,"b:224:12:224:43:224:43:224:71":16,"b:230:132:230:175:230:175:230:Infinity":17,"b:230:12:230:40:230:40:230:73:230:73:230:104:230:104:230:132":18,"b:236:167:236:215:236:215:236:Infinity":19,"b:236:12:236:55:236:55:236:96:236:96:236:134:236:134:236:167":20,"b:242:148:242:186:242:186:242:Infinity":21,"b:242:12:242:46:242:46:242:82:242:82:242:120:242:120:242:148":22,"b:248:156:248:201:248:201:248:Infinity":23,"b:248:12:248:43:248:43:248:73:248:73:248:102:248:102:248:128:248:128:248:156":24},"fnNames":{}}}
,"D:\\Ecocart\\src\\lib\\rules.ts": {"path":"D:\\Ecocart\\src\\lib\\rules.ts","statementMap":{"0":{"start":{"line":8,"column":55},"end":{"line":50,"column":null}},"1":{"start":{"line":52,"column":55},"end":{"line":66,"column":null}},"2":{"start":{"line":70,"column":47},"end":{"line":85,"column":null}},"3":{"start":{"line":87,"column":27},"end":{"line":93,"column":null}},"4":{"start":{"line":98,"column":16},"end":{"line":98,"column":null}},"5":{"start":{"line":100,"column":2},"end":{"line":100,"column":null}},"6":{"start":{"line":100,"column":142},"end":{"line":100,"column":null}},"7":{"start":{"line":101,"column":2},"end":{"line":101,"column":null}},"8":{"start":{"line":101,"column":113},"end":{"line":101,"column":null}},"9":{"start":{"line":102,"column":2},"end":{"line":102,"column":null}},"10":{"start":{"line":102,"column":109},"end":{"line":102,"column":null}},"11":{"start":{"line":103,"column":2},"end":{"line":103,"column":null}},"12":{"start":{"line":103,"column":95},"end":{"line":103,"column":null}},"13":{"start":{"line":104,"column":2},"end":{"line":104,"column":null}},"14":{"start":{"line":104,"column":104},"end":{"line":104,"column":null}},"15":{"start":{"line":105,"column":2},"end":{"line":105,"column":null}},"16":{"start":{"line":105,"column":94},"end":{"line":105,"column":null}},"17":{"start":{"line":106,"column":2},"end":{"line":106,"column":null}},"18":{"start":{"line":106,"column":94},"end":{"line":106,"column":null}},"19":{"start":{"line":107,"column":2},"end":{"line":107,"column":null}},"20":{"start":{"line":107,"column":82},"end":{"line":107,"column":null}},"21":{"start":{"line":108,"column":2},"end":{"line":108,"column":null}},"22":{"start":{"line":108,"column":65},"end":{"line":108,"column":null}},"23":{"start":{"line":109,"column":2},"end":{"line":109,"column":null}},"24":{"start":{"line":109,"column":69},"end":{"line":109,"column":null}},"25":{"start":{"line":111,"column":2},"end":{"line":111,"column":null}},"26":{"start":{"line":126,"column":28},"end":{"line":126,"column":null}},"27":{"start":{"line":127,"column":29},"end":{"line":127,"column":null}},"28":{"start":{"line":129,"column":24},"end":{"line":129,"column":null}},"29":{"start":{"line":130,"column":8},"end":{"line":130,"column":null}},"30":{"start":{"line":131,"column":27},"end":{"line":131,"column":null}},"31":{"start":{"line":134,"column":22},"end":{"line":134,"column":null}},"32":{"start":{"line":135,"column":25},"end":{"line":135,"column":null}},"33":{"start":{"line":136,"column":19},"end":{"line":136,"column":null}},"34":{"start":{"line":139,"column":2},"end":{"line":145,"column":null}},"35":{"start":{"line":140,"column":4},"end":{"line":140,"column":null}},"36":{"start":{"line":141,"column":9},"end":{"line":145,"column":null}},"37":{"start":{"line":142,"column":4},"end":{"line":142,"column":null}},"38":{"start":{"line":144,"column":4},"end":{"line":144,"column":null}},"39":{"start":{"line":148,"column":23},"end":{"line":148,"column":null}},"40":{"start":{"line":149,"column":28},"end":{"line":149,"column":null}},"41":{"start":{"line":152,"column":8},"end":{"line":160,"column":null}},"42":{"start":{"line":153,"column":4},"end":{"line":155,"column":null}},"43":{"start":{"line":154,"column":6},"end":{"line":154,"column":null}},"44":{"start":{"line":154,"column":34},"end":{"line":154,"column":null}},"45":{"start":{"line":156,"column":4},"end":{"line":158,"column":null}},"46":{"start":{"line":157,"column":6},"end":{"line":157,"column":null}},"47":{"start":{"line":157,"column":34},"end":{"line":157,"column":null}},"48":{"start":{"line":159,"column":4},"end":{"line":159,"column":null}},"49":{"start":{"line":163,"column":27},"end":{"line":163,"column":null}},"50":{"start":{"line":164,"column":14},"end":{"line":164,"column":null}},"51":{"start":{"line":167,"column":2},"end":{"line":169,"column":null}},"52":{"start":{"line":168,"column":4},"end":{"line":168,"column":null}},"53":{"start":{"line":171,"column":2},"end":{"line":181,"column":null}},"54":{"start":{"line":172,"column":4},"end":{"line":172,"column":null}},"55":{"start":{"line":173,"column":4},"end":{"line":173,"column":null}},"56":{"start":{"line":174,"column":4},"end":{"line":177,"column":null}},"57":{"start":{"line":175,"column":6},"end":{"line":176,"column":null}},"58":{"start":{"line":175,"column":28},"end":{"line":175,"column":null}},"59":{"start":{"line":176,"column":11},"end":{"line":176,"column":null}},"60":{"start":{"line":178,"column":4},"end":{"line":180,"column":null}},"61":{"start":{"line":179,"column":6},"end":{"line":179,"column":null}},"62":{"start":{"line":183,"column":2},"end":{"line":183,"column":null}},"63":{"start":{"line":184,"column":2},"end":{"line":184,"column":null}},"64":{"start":{"line":185,"column":2},"end":{"line":185,"column":null}},"65":{"start":{"line":186,"column":2},"end":{"line":186,"column":null}},"66":{"start":{"line":189,"column":2},"end":{"line":196,"column":null}},"67":{"start":{"line":190,"column":4},"end":{"line":195,"column":null}},"68":{"start":{"line":191,"column":6},"end":{"line":191,"column":null}},"69":{"start":{"line":192,"column":6},"end":{"line":194,"column":null}},"70":{"start":{"line":193,"column":8},"end":{"line":193,"column":null}},"71":{"start":{"line":199,"column":2},"end":{"line":202,"column":null}},"72":{"start":{"line":200,"column":4},"end":{"line":200,"column":null}},"73":{"start":{"line":201,"column":4},"end":{"line":201,"column":null}},"74":{"start":{"line":205,"column":2},"end":{"line":212,"column":null}},"75":{"start":{"line":206,"column":4},"end":{"line":211,"column":null}},"76":{"start":{"line":207,"column":6},"end":{"line":207,"column":null}},"77":{"start":{"line":208,"column":6},"end":{"line":208,"column":null}},"78":{"start":{"line":210,"column":6},"end":{"line":210,"column":null}},"79":{"start":{"line":215,"column":24},"end":{"line":215,"column":null}},"80":{"start":{"line":216,"column":2},"end":{"line":227,"column":null}},"81":{"start":{"line":217,"column":4},"end":{"line":217,"column":null}},"82":{"start":{"line":218,"column":9},"end":{"line":227,"column":null}},"83":{"start":{"line":219,"column":4},"end":{"line":219,"column":null}},"84":{"start":{"line":220,"column":4},"end":{"line":220,"column":null}},"85":{"start":{"line":221,"column":9},"end":{"line":227,"column":null}},"86":{"start":{"line":222,"column":4},"end":{"line":222,"column":null}},"87":{"start":{"line":223,"column":4},"end":{"line":223,"column":null}},"88":{"start":{"line":224,"column":9},"end":{"line":227,"column":null}},"89":{"start":{"line":225,"column":4},"end":{"line":225,"column":null}},"90":{"start":{"line":226,"column":4},"end":{"line":226,"column":null}},"91":{"start":{"line":232,"column":23},"end":{"line":232,"column":null}},"92":{"start":{"line":233,"column":2},"end":{"line":239,"column":null}},"93":{"start":{"line":234,"column":4},"end":{"line":234,"column":null}},"94":{"start":{"line":235,"column":4},"end":{"line":235,"column":null}},"95":{"start":{"line":236,"column":9},"end":{"line":239,"column":null}},"96":{"start":{"line":237,"column":4},"end":{"line":237,"column":null}},"97":{"start":{"line":238,"column":4},"end":{"line":238,"column":null}},"98":{"start":{"line":242,"column":22},"end":{"line":242,"column":null}},"99":{"start":{"line":243,"column":2},"end":{"line":249,"column":null}},"100":{"start":{"line":244,"column":4},"end":{"line":244,"column":null}},"101":{"start":{"line":245,"column":4},"end":{"line":245,"column":null}},"102":{"start":{"line":246,"column":9},"end":{"line":249,"column":null}},"103":{"start":{"line":247,"column":4},"end":{"line":247,"column":null}},"104":{"start":{"line":248,"column":4},"end":{"line":248,"column":null}},"105":{"start":{"line":252,"column":19},"end":{"line":252,"column":null}},"106":{"start":{"line":253,"column":2},"end":{"line":256,"column":null}},"107":{"start":{"line":253,"column":35},"end":{"line":253,"column":52}},"108":{"start":{"line":254,"column":4},"end":{"line":254,"column":null}},"109":{"start":{"line":255,"column":4},"end":{"line":255,"column":null}},"110":{"start":{"line":259,"column":2},"end":{"line":262,"column":null}},"111":{"start":{"line":260,"column":4},"end":{"line":260,"column":null}},"112":{"start":{"line":261,"column":4},"end":{"line":261,"column":null}},"113":{"start":{"line":265,"column":21},"end":{"line":265,"column":null}},"114":{"start":{"line":266,"column":23},"end":{"line":266,"column":null}},"115":{"start":{"line":271,"column":2},"end":{"line":286,"column":null}},"116":{"start":{"line":272,"column":4},"end":{"line":272,"column":null}},"117":{"start":{"line":273,"column":4},"end":{"line":273,"column":null}},"118":{"start":{"line":274,"column":9},"end":{"line":286,"column":null}},"119":{"start":{"line":275,"column":4},"end":{"line":275,"column":null}},"120":{"start":{"line":276,"column":4},"end":{"line":276,"column":null}},"121":{"start":{"line":277,"column":9},"end":{"line":286,"column":null}},"122":{"start":{"line":278,"column":4},"end":{"line":278,"column":null}},"123":{"start":{"line":279,"column":4},"end":{"line":279,"column":null}},"124":{"start":{"line":280,"column":9},"end":{"line":286,"column":null}},"125":{"start":{"line":281,"column":4},"end":{"line":281,"column":null}},"126":{"start":{"line":282,"column":4},"end":{"line":282,"column":null}},"127":{"start":{"line":284,"column":4},"end":{"line":284,"column":null}},"128":{"start":{"line":285,"column":4},"end":{"line":285,"column":null}},"129":{"start":{"line":289,"column":2},"end":{"line":297,"column":null}},"130":{"start":{"line":290,"column":4},"end":{"line":290,"column":null}},"131":{"start":{"line":291,"column":9},"end":{"line":297,"column":null}},"132":{"start":{"line":292,"column":4},"end":{"line":292,"column":null}},"133":{"start":{"line":293,"column":9},"end":{"line":297,"column":null}},"134":{"start":{"line":294,"column":4},"end":{"line":294,"column":null}},"135":{"start":{"line":296,"column":4},"end":{"line":296,"column":null}},"136":{"start":{"line":299,"column":2},"end":{"line":314,"column":null}}},"fnMap":{"0":{"name":"detectCategory","decl":{"start":{"line":97,"column":9},"end":{"line":97,"column":24}},"loc":{"start":{"line":97,"column":55},"end":{"line":112,"column":null}},"line":97},"1":{"name":"calculateLocalEcoScore","decl":{"start":{"line":125,"column":16},"end":{"line":125,"column":39}},"loc":{"start":{"line":125,"column":80},"end":{"line":315,"column":null}},"line":125},"2":{"name":"(anonymous_2)","decl":{"start":{"line":152,"column":8},"end":{"line":152,"column":29}},"loc":{"start":{"line":152,"column":46},"end":{"line":160,"column":null}},"line":152},"3":{"name":"(anonymous_3)","decl":{"start":{"line":253,"column":25},"end":{"line":253,"column":30}},"loc":{"start":{"line":253,"column":35},"end":{"line":253,"column":52}},"line":253}},"branchMap":{"0":{"loc":{"start":{"line":100,"column":2},"end":{"line":100,"column":null}},"type":"if","locations":[{"start":{"line":100,"column":2},"end":{"line":100,"column":null}},{"start":{},"end":{}}],"line":100},"1":{"loc":{"start":{"line":101,"column":2},"end":{"line":101,"column":null}},"type":"if","locations":[{"start":{"line":101,"column":2},"end":{"line":101,"column":null}},{"start":{},"end":{}}],"line":101},"2":{"loc":{"start":{"line":102,"column":2},"end":{"line":102,"column":null}},"type":"if","locations":[{"start":{"line":102,"column":2},"end":{"line":102,"column":null}},{"start":{},"end":{}}],"line":102},"3":{"loc":{"start":{"line":103,"column":2},"end":{"line":103,"column":null}},"type":"if","locations":[{"start":{"line":103,"column":2},"end":{"line":103,"column":null}},{"start":{},"end":{}}],"line":103},"4":{"loc":{"start":{"line":104,"column":2},"end":{"line":104,"column":null}},"type":"if","locations":[{"start":{"line":104,"column":2},"end":{"line":104,"column":null}},{"start":{},"end":{}}],"line":104},"5":{"loc":{"start":{"line":105,"column":2},"end":{"line":105,"column":null}},"type":"if","locations":[{"start":{"line":105,"column":2},"end":{"line":105,"column":null}},{"start":{},"end":{}}],"line":105},"6":{"loc":{"start":{"line":106,"column":2},"end":{"line":106,"column":null}},"type":"if","locations":[{"start":{"line":106,"column":2},"end":{"line":106,"column":null}},{"start":{},"end":{}}],"line":106},"7":{"loc":{"start":{"line":107,"column":2},"end":{"line":107,"column":null}},"type":"if","locations":[{"start":{"line":107,"column":2},"end":{"line":107,"column":null}},{"start":{},"end":{}}],"line":107},"8":{"loc":{"start":{"line":108,"column":2},"end":{"line":108,"column":null}},"type":"if","locations":[{"start":{"line":108,"column":2},"end":{"line":108,"column":null}},{"start":{},"end":{}}],"line":108},"9":{"loc":{"start":{"line":109,"column":2},"end":{"line":109,"column":null}},"type":"if","locations":[{"start":{"line":109,"column":2},"end":{"line":109,"column":null}},{"start":{},"end":{}}],"line":109},"10":{"loc":{"start":{"line":129,"column":27},"end":{"line":129,"column":44}},"type":"binary-expr","locations":[{"start":{"line":129,"column":27},"end":{"line":129,"column":41}},{"start":{"line":129,"column":41},"end":{"line":129,"column":44}}],"line":129},"11":{"loc":{"start":{"line":129,"column":47},"end":{"line":129,"column":70}},"type":"binary-expr","locations":[{"start":{"line":129,"column":47},"end":{"line":129,"column":67}},{"start":{"line":129,"column":67},"end":{"line":129,"column":70}}],"line":129},"12":{"loc":{"start":{"line":129,"column":73},"end":{"line":129,"column":93}},"type":"binary-expr","locations":[{"start":{"line":129,"column":73},"end":{"line":129,"column":90}},{"start":{"line":129,"column":90},"end":{"line":129,"column":93}}],"line":129},"13":{"loc":{"start":{"line":129,"column":96},"end":{"line":129,"column":118}},"type":"binary-expr","locations":[{"start":{"line":129,"column":96},"end":{"line":129,"column":113}},{"start":{"line":129,"column":113},"end":{"line":129,"column":118}}],"line":129},"14":{"loc":{"start":{"line":130,"column":17},"end":{"line":130,"column":35}},"type":"binary-expr","locations":[{"start":{"line":130,"column":17},"end":{"line":130,"column":31}},{"start":{"line":130,"column":31},"end":{"line":130,"column":35}}],"line":130},"15":{"loc":{"start":{"line":134,"column":25},"end":{"line":134,"column":null}},"type":"binary-expr","locations":[{"start":{"line":134,"column":25},"end":{"line":134,"column":42}},{"start":{"line":134,"column":42},"end":{"line":134,"column":null}}],"line":134},"16":{"loc":{"start":{"line":135,"column":28},"end":{"line":135,"column":null}},"type":"binary-expr","locations":[{"start":{"line":135,"column":28},"end":{"line":135,"column":48}},{"start":{"line":135,"column":48},"end":{"line":135,"column":null}}],"line":135},"17":{"loc":{"start":{"line":136,"column":22},"end":{"line":136,"column":null}},"type":"binary-expr","locations":[{"start":{"line":136,"column":22},"end":{"line":136,"column":36}},{"start":{"line":136,"column":36},"end":{"line":136,"column":null}}],"line":136},"18":{"loc":{"start":{"line":139,"column":2},"end":{"line":145,"column":null}},"type":"if","locations":[{"start":{"line":139,"column":2},"end":{"line":145,"column":null}},{"start":{"line":141,"column":9},"end":{"line":145,"column":null}}],"line":139},"19":{"loc":{"start":{"line":139,"column":6},"end":{"line":139,"column":49}},"type":"binary-expr","locations":[{"start":{"line":139,"column":6},"end":{"line":139,"column":18}},{"start":{"line":139,"column":18},"end":{"line":139,"column":36}},{"start":{"line":139,"column":36},"end":{"line":139,"column":49}}],"line":139},"20":{"loc":{"start":{"line":141,"column":9},"end":{"line":145,"column":null}},"type":"if","locations":[{"start":{"line":141,"column":9},"end":{"line":145,"column":null}},{"start":{"line":143,"column":9},"end":{"line":145,"column":null}}],"line":141},"21":{"loc":{"start":{"line":141,"column":13},"end":{"line":141,"column":58}},"type":"binary-expr","locations":[{"start":{"line":141,"column":13},"end":{"line":141,"column":26}},{"start":{"line":141,"column":26},"end":{"line":141,"column":44}},{"start":{"line":141,"column":44},"end":{"line":141,"column":58}}],"line":141},"22":{"loc":{"start":{"line":154,"column":6},"end":{"line":154,"column":null}},"type":"if","locations":[{"start":{"line":154,"column":6},"end":{"line":154,"column":null}},{"start":{},"end":{}}],"line":154},"23":{"loc":{"start":{"line":157,"column":6},"end":{"line":157,"column":null}},"type":"if","locations":[{"start":{"line":157,"column":6},"end":{"line":157,"column":null}},{"start":{},"end":{}}],"line":157},"24":{"loc":{"start":{"line":163,"column":30},"end":{"line":163,"column":47}},"type":"binary-expr","locations":[{"start":{"line":163,"column":30},"end":{"line":163,"column":44}},{"start":{"line":163,"column":44},"end":{"line":163,"column":47}}],"line":163},"25":{"loc":{"start":{"line":163,"column":50},"end":{"line":163,"column":72}},"type":"binary-expr","locations":[{"start":{"line":163,"column":50},"end":{"line":163,"column":67}},{"start":{"line":163,"column":67},"end":{"line":163,"column":72}}],"line":163},"26":{"loc":{"start":{"line":167,"column":2},"end":{"line":169,"column":null}},"type":"if","locations":[{"start":{"line":167,"column":2},"end":{"line":169,"column":null}},{"start":{},"end":{}}],"line":167},"27":{"loc":{"start":{"line":171,"column":2},"end":{"line":181,"column":null}},"type":"if","locations":[{"start":{"line":171,"column":2},"end":{"line":181,"column":null}},{"start":{},"end":{}}],"line":171},"28":{"loc":{"start":{"line":174,"column":4},"end":{"line":177,"column":null}},"type":"if","locations":[{"start":{"line":174,"column":4},"end":{"line":177,"column":null}},{"start":{},"end":{}}],"line":174},"29":{"loc":{"start":{"line":175,"column":6},"end":{"line":176,"column":null}},"type":"if","locations":[{"start":{"line":175,"column":6},"end":{"line":176,"column":null}},{"start":{"line":176,"column":11},"end":{"line":176,"column":null}}],"line":175},"30":{"loc":{"start":{"line":178,"column":4},"end":{"line":180,"column":null}},"type":"if","locations":[{"start":{"line":178,"column":4},"end":{"line":180,"column":null}},{"start":{},"end":{}}],"line":178},"31":{"loc":{"start":{"line":185,"column":30},"end":{"line":185,"column":100}},"type":"cond-expr","locations":[{"start":{"line":185,"column":49},"end":{"line":185,"column":94}},{"start":{"line":185,"column":94},"end":{"line":185,"column":100}}],"line":185},"32":{"loc":{"start":{"line":186,"column":36},"end":{"line":186,"column":65}},"type":"binary-expr","locations":[{"start":{"line":186,"column":36},"end":{"line":186,"column":59}},{"start":{"line":186,"column":59},"end":{"line":186,"column":65}}],"line":186},"33":{"loc":{"start":{"line":190,"column":4},"end":{"line":195,"column":null}},"type":"if","locations":[{"start":{"line":190,"column":4},"end":{"line":195,"column":null}},{"start":{},"end":{}}],"line":190},"34":{"loc":{"start":{"line":190,"column":8},"end":{"line":190,"column":76}},"type":"binary-expr","locations":[{"start":{"line":190,"column":8},"end":{"line":190,"column":43}},{"start":{"line":190,"column":43},"end":{"line":190,"column":76}}],"line":190},"35":{"loc":{"start":{"line":192,"column":6},"end":{"line":194,"column":null}},"type":"if","locations":[{"start":{"line":192,"column":6},"end":{"line":194,"column":null}},{"start":{},"end":{}}],"line":192},"36":{"loc":{"start":{"line":192,"column":10},"end":{"line":192,"column":62}},"type":"binary-expr","locations":[{"start":{"line":192,"column":10},"end":{"line":192,"column":38}},{"start":{"line":192,"column":38},"end":{"line":192,"column":62}}],"line":192},"37":{"loc":{"start":{"line":199,"column":2},"end":{"line":202,"column":null}},"type":"if","locations":[{"start":{"line":199,"column":2},"end":{"line":202,"column":null}},{"start":{},"end":{}}],"line":199},"38":{"loc":{"start":{"line":199,"column":6},"end":{"line":199,"column":126}},"type":"binary-expr","locations":[{"start":{"line":199,"column":6},"end":{"line":199,"column":46}},{"start":{"line":199,"column":46},"end":{"line":199,"column":86}},{"start":{"line":199,"column":86},"end":{"line":199,"column":126}}],"line":199},"39":{"loc":{"start":{"line":205,"column":2},"end":{"line":212,"column":null}},"type":"if","locations":[{"start":{"line":205,"column":2},"end":{"line":212,"column":null}},{"start":{},"end":{}}],"line":205},"40":{"loc":{"start":{"line":206,"column":4},"end":{"line":211,"column":null}},"type":"if","locations":[{"start":{"line":206,"column":4},"end":{"line":211,"column":null}},{"start":{"line":209,"column":11},"end":{"line":211,"column":null}}],"line":206},"41":{"loc":{"start":{"line":216,"column":2},"end":{"line":227,"column":null}},"type":"if","locations":[{"start":{"line":216,"column":2},"end":{"line":227,"column":null}},{"start":{"line":218,"column":9},"end":{"line":227,"column":null}}],"line":216},"42":{"loc":{"start":{"line":216,"column":6},"end":{"line":216,"column":82}},"type":"binary-expr","locations":[{"start":{"line":216,"column":6},"end":{"line":216,"column":46}},{"start":{"line":216,"column":46},"end":{"line":216,"column":82}}],"line":216},"43":{"loc":{"start":{"line":218,"column":9},"end":{"line":227,"column":null}},"type":"if","locations":[{"start":{"line":218,"column":9},"end":{"line":227,"column":null}},{"start":{"line":221,"column":9},"end":{"line":227,"column":null}}],"line":218},"44":{"loc":{"start":{"line":218,"column":13},"end":{"line":218,"column":177}},"type":"binary-expr","locations":[{"start":{"line":218,"column":13},"end":{"line":218,"column":50}},{"start":{"line":218,"column":50},"end":{"line":218,"column":92}},{"start":{"line":218,"column":92},"end":{"line":218,"column":139}},{"start":{"line":218,"column":139},"end":{"line":218,"column":177}}],"line":218},"45":{"loc":{"start":{"line":221,"column":9},"end":{"line":227,"column":null}},"type":"if","locations":[{"start":{"line":221,"column":9},"end":{"line":227,"column":null}},{"start":{"line":224,"column":9},"end":{"line":227,"column":null}}],"line":221},"46":{"loc":{"start":{"line":221,"column":13},"end":{"line":221,"column":89}},"type":"binary-expr","locations":[{"start":{"line":221,"column":13},"end":{"line":221,"column":51}},{"start":{"line":221,"column":51},"end":{"line":221,"column":89}}],"line":221},"47":{"loc":{"start":{"line":224,"column":9},"end":{"line":227,"column":null}},"type":"if","locations":[{"start":{"line":224,"column":9},"end":{"line":227,"column":null}},{"start":{},"end":{}}],"line":224},"48":{"loc":{"start":{"line":233,"column":2},"end":{"line":239,"column":null}},"type":"if","locations":[{"start":{"line":233,"column":2},"end":{"line":239,"column":null}},{"start":{"line":236,"column":9},"end":{"line":239,"column":null}}],"line":233},"49":{"loc":{"start":{"line":233,"column":6},"end":{"line":233,"column":196}},"type":"binary-expr","locations":[{"start":{"line":233,"column":6},"end":{"line":233,"column":58}},{"start":{"line":233,"column":58},"end":{"line":233,"column":108}},{"start":{"line":233,"column":108},"end":{"line":233,"column":155}},{"start":{"line":233,"column":155},"end":{"line":233,"column":196}}],"line":233},"50":{"loc":{"start":{"line":236,"column":9},"end":{"line":239,"column":null}},"type":"if","locations":[{"start":{"line":236,"column":9},"end":{"line":239,"column":null}},{"start":{},"end":{}}],"line":236},"51":{"loc":{"start":{"line":236,"column":13},"end":{"line":236,"column":140}},"type":"binary-expr","locations":[{"start":{"line":236,"column":13},"end":{"line":236,"column":60}},{"start":{"line":236,"column":60},"end":{"line":236,"column":101}},{"start":{"line":236,"column":101},"end":{"line":236,"column":140}}],"line":236},"52":{"loc":{"start":{"line":243,"column":2},"end":{"line":249,"column":null}},"type":"if","locations":[{"start":{"line":243,"column":2},"end":{"line":249,"column":null}},{"start":{"line":246,"column":9},"end":{"line":249,"column":null}}],"line":243},"53":{"loc":{"start":{"line":243,"column":6},"end":{"line":243,"column":185}},"type":"binary-expr","locations":[{"start":{"line":243,"column":6},"end":{"line":243,"column":44}},{"start":{"line":243,"column":44},"end":{"line":243,"column":96}},{"start":{"line":243,"column":96},"end":{"line":243,"column":139}},{"start":{"line":243,"column":139},"end":{"line":243,"column":185}}],"line":243},"54":{"loc":{"start":{"line":246,"column":9},"end":{"line":249,"column":null}},"type":"if","locations":[{"start":{"line":246,"column":9},"end":{"line":249,"column":null}},{"start":{},"end":{}}],"line":246},"55":{"loc":{"start":{"line":246,"column":13},"end":{"line":246,"column":226}},"type":"binary-expr","locations":[{"start":{"line":246,"column":13},"end":{"line":246,"column":58}},{"start":{"line":246,"column":58},"end":{"line":246,"column":105}},{"start":{"line":246,"column":105},"end":{"line":246,"column":148}},{"start":{"line":246,"column":148},"end":{"line":246,"column":186}},{"start":{"line":246,"column":186},"end":{"line":246,"column":226}}],"line":246},"56":{"loc":{"start":{"line":253,"column":2},"end":{"line":256,"column":null}},"type":"if","locations":[{"start":{"line":253,"column":2},"end":{"line":256,"column":null}},{"start":{},"end":{}}],"line":253},"57":{"loc":{"start":{"line":259,"column":2},"end":{"line":262,"column":null}},"type":"if","locations":[{"start":{"line":259,"column":2},"end":{"line":262,"column":null}},{"start":{},"end":{}}],"line":259},"58":{"loc":{"start":{"line":259,"column":6},"end":{"line":259,"column":55}},"type":"binary-expr","locations":[{"start":{"line":259,"column":6},"end":{"line":259,"column":32}},{"start":{"line":259,"column":32},"end":{"line":259,"column":55}}],"line":259},"59":{"loc":{"start":{"line":271,"column":2},"end":{"line":286,"column":null}},"type":"if","locations":[{"start":{"line":271,"column":2},"end":{"line":286,"column":null}},{"start":{"line":274,"column":9},"end":{"line":286,"column":null}}],"line":271},"60":{"loc":{"start":{"line":271,"column":6},"end":{"line":271,"column":164}},"type":"binary-expr","locations":[{"start":{"line":271,"column":6},"end":{"line":271,"column":43}},{"start":{"line":271,"column":43},"end":{"line":271,"column":78}},{"start":{"line":271,"column":78},"end":{"line":271,"column":118}},{"start":{"line":271,"column":118},"end":{"line":271,"column":164}}],"line":271},"61":{"loc":{"start":{"line":274,"column":9},"end":{"line":286,"column":null}},"type":"if","locations":[{"start":{"line":274,"column":9},"end":{"line":286,"column":null}},{"start":{"line":277,"column":9},"end":{"line":286,"column":null}}],"line":274},"62":{"loc":{"start":{"line":277,"column":9},"end":{"line":286,"column":null}},"type":"if","locations":[{"start":{"line":277,"column":9},"end":{"line":286,"column":null}},{"start":{"line":280,"column":9},"end":{"line":286,"column":null}}],"line":277},"63":{"loc":{"start":{"line":280,"column":9},"end":{"line":286,"column":null}},"type":"if","locations":[{"start":{"line":280,"column":9},"end":{"line":286,"column":null}},{"start":{"line":283,"column":9},"end":{"line":286,"column":null}}],"line":280},"64":{"loc":{"start":{"line":289,"column":2},"end":{"line":297,"column":null}},"type":"if","locations":[{"start":{"line":289,"column":2},"end":{"line":297,"column":null}},{"start":{"line":291,"column":9},"end":{"line":297,"column":null}}],"line":289},"65":{"loc":{"start":{"line":291,"column":9},"end":{"line":297,"column":null}},"type":"if","locations":[{"start":{"line":291,"column":9},"end":{"line":297,"column":null}},{"start":{"line":293,"column":9},"end":{"line":297,"column":null}}],"line":291},"66":{"loc":{"start":{"line":293,"column":9},"end":{"line":297,"column":null}},"type":"if","locations":[{"start":{"line":293,"column":9},"end":{"line":297,"column":null}},{"start":{"line":295,"column":9},"end":{"line":297,"column":null}}],"line":293}},"s":{"0":1,"1":1,"2":1,"3":1,"4":40,"5":40,"6":3,"7":37,"8":5,"9":32,"10":1,"11":31,"12":5,"13":26,"14":4,"15":22,"16":1,"17":21,"18":9,"19":12,"20":1,"21":11,"22":0,"23":11,"24":0,"25":11,"26":40,"27":40,"28":40,"29":40,"30":40,"31":40,"32":40,"33":40,"34":40,"35":23,"36":17,"37":13,"38":4,"39":40,"40":40,"41":40,"42":44,"43":1116,"44":27,"45":17,"46":194,"47":9,"48":8,"49":40,"50":40,"51":40,"52":4,"53":40,"54":36,"55":36,"56":36,"57":33,"58":24,"59":9,"60":36,"61":3,"62":40,"63":40,"64":40,"65":40,"66":40,"67":560,"68":19,"69":19,"70":10,"71":40,"72":3,"73":3,"74":40,"75":4,"76":0,"77":0,"78":4,"79":40,"80":40,"81":9,"82":31,"83":2,"84":2,"85":29,"86":0,"87":0,"88":29,"89":1,"90":1,"91":40,"92":40,"93":3,"94":3,"95":37,"96":0,"97":0,"98":40,"99":40,"100":0,"101":0,"102":40,"103":0,"104":0,"105":40,"106":40,"107":965,"108":3,"109":3,"110":40,"111":0,"112":0,"113":40,"114":40,"115":40,"116":4,"117":4,"118":36,"119":9,"120":9,"121":27,"122":10,"123":10,"124":17,"125":2,"126":2,"127":15,"128":15,"129":40,"130":16,"131":24,"132":7,"133":17,"134":11,"135":6,"136":40},"f":{"0":40,"1":40,"2":44,"3":965},"b":{"0":[3,37],"1":[5,32],"2":[1,31],"3":[5,26],"4":[4,22],"5":[1,21],"6":[9,12],"7":[1,11],"8":[0,11],"9":[0,11],"10":[40,1],"11":[40,11],"12":[40,7],"13":[40,39],"14":[40,37],"15":[40,33],"16":[40,29],"17":[40,39],"18":[23,17],"19":[40,39,28],"20":[13,4],"21":[17,16,11],"22":[27,1089],"23":[9,185],"24":[40,1],"25":[40,7],"26":[4,36],"27":[36,4],"28":[33,3],"29":[24,9],"30":[3,33],"31":[29,11],"32":[40,4],"33":[19,541],"34":[560,20],"35":[10,9],"36":[19,17],"37":[3,37],"38":[40,38,37],"39":[4,36],"40":[0,4],"41":[9,31],"42":[40,38],"43":[2,29],"44":[31,31,29,29],"45":[0,29],"46":[29,29],"47":[1,28],"48":[3,37],"49":[40,40,37,37],"50":[0,37],"51":[37,37,37],"52":[0,40],"53":[40,40,40,40],"54":[0,40],"55":[40,40,40,40,40],"56":[3,37],"57":[0,40],"58":[40,16],"59":[4,36],"60":[40,37,36,36],"61":[9,27],"62":[10,17],"63":[2,15],"64":[16,24],"65":[7,17],"66":[11,6]},"meta":{"lastBranch":67,"lastFunction":4,"lastStatement":137,"seen":{"s:8:55:50:Infinity":0,"s:52:55:66:Infinity":1,"s:70:47:85:Infinity":2,"s:87:27:93:Infinity":3,"f:97:9:97:24":0,"s:98:16:98:Infinity":4,"b:100:2:100:Infinity:undefined:undefined:undefined:undefined":0,"s:100:2:100:Infinity":5,"s:100:142:100:Infinity":6,"b:101:2:101:Infinity:undefined:undefined:undefined:undefined":1,"s:101:2:101:Infinity":7,"s:101:113:101:Infinity":8,"b:102:2:102:Infinity:undefined:undefined:undefined:undefined":2,"s:102:2:102:Infinity":9,"s:102:109:102:Infinity":10,"b:103:2:103:Infinity:undefined:undefined:undefined:undefined":3,"s:103:2:103:Infinity":11,"s:103:95:103:Infinity":12,"b:104:2:104:Infinity:undefined:undefined:undefined:undefined":4,"s:104:2:104:Infinity":13,"s:104:104:104:Infinity":14,"b:105:2:105:Infinity:undefined:undefined:undefined:undefined":5,"s:105:2:105:Infinity":15,"s:105:94:105:Infinity":16,"b:106:2:106:Infinity:undefined:undefined:undefined:undefined":6,"s:106:2:106:Infinity":17,"s:106:94:106:Infinity":18,"b:107:2:107:Infinity:undefined:undefined:undefined:undefined":7,"s:107:2:107:Infinity":19,"s:107:82:107:Infinity":20,"b:108:2:108:Infinity:undefined:undefined:undefined:undefined":8,"s:108:2:108:Infinity":21,"s:108:65:108:Infinity":22,"b:109:2:109:Infinity:undefined:undefined:undefined:undefined":9,"s:109:2:109:Infinity":23,"s:109:69:109:Infinity":24,"s:111:2:111:Infinity":25,"f:125:16:125:39":1,"s:126:28:126:Infinity":26,"s:127:29:127:Infinity":27,"s:129:24:129:Infinity":28,"b:129:27:129:41:129:41:129:44":10,"b:129:47:129:67:129:67:129:70":11,"b:129:73:129:90:129:90:129:93":12,"b:129:96:129:113:129:113:129:118":13,"s:130:8:130:Infinity":29,"b:130:17:130:31:130:31:130:35":14,"s:131:27:131:Infinity":30,"s:134:22:134:Infinity":31,"b:134:25:134:42:134:42:134:Infinity":15,"s:135:25:135:Infinity":32,"b:135:28:135:48:135:48:135:Infinity":16,"s:136:19:136:Infinity":33,"b:136:22:136:36:136:36:136:Infinity":17,"b:139:2:145:Infinity:141:9:145:Infinity":18,"s:139:2:145:Infinity":34,"b:139:6:139:18:139:18:139:36:139:36:139:49":19,"s:140:4:140:Infinity":35,"b:141:9:145:Infinity:143:9:145:Infinity":20,"s:141:9:145:Infinity":36,"b:141:13:141:26:141:26:141:44:141:44:141:58":21,"s:142:4:142:Infinity":37,"s:144:4:144:Infinity":38,"s:148:23:148:Infinity":39,"s:149:28:149:Infinity":40,"s:152:8:160:Infinity":41,"f:152:8:152:29":2,"s:153:4:155:Infinity":42,"b:154:6:154:Infinity:undefined:undefined:undefined:undefined":22,"s:154:6:154:Infinity":43,"s:154:34:154:Infinity":44,"s:156:4:158:Infinity":45,"b:157:6:157:Infinity:undefined:undefined:undefined:undefined":23,"s:157:6:157:Infinity":46,"s:157:34:157:Infinity":47,"s:159:4:159:Infinity":48,"s:163:27:163:Infinity":49,"b:163:30:163:44:163:44:163:47":24,"b:163:50:163:67:163:67:163:72":25,"s:164:14:164:Infinity":50,"b:167:2:169:Infinity:undefined:undefined:undefined:undefined":26,"s:167:2:169:Infinity":51,"s:168:4:168:Infinity":52,"b:171:2:181:Infinity:undefined:undefined:undefined:undefined":27,"s:171:2:181:Infinity":53,"s:172:4:172:Infinity":54,"s:173:4:173:Infinity":55,"b:174:4:177:Infinity:undefined:undefined:undefined:undefined":28,"s:174:4:177:Infinity":56,"b:175:6:176:Infinity:176:11:176:Infinity":29,"s:175:6:176:Infinity":57,"s:175:28:175:Infinity":58,"s:176:11:176:Infinity":59,"b:178:4:180:Infinity:undefined:undefined:undefined:undefined":30,"s:178:4:180:Infinity":60,"s:179:6:179:Infinity":61,"s:183:2:183:Infinity":62,"s:184:2:184:Infinity":63,"s:185:2:185:Infinity":64,"b:185:49:185:94:185:94:185:100":31,"s:186:2:186:Infinity":65,"b:186:36:186:59:186:59:186:65":32,"s:189:2:196:Infinity":66,"b:190:4:195:Infinity:undefined:undefined:undefined:undefined":33,"s:190:4:195:Infinity":67,"b:190:8:190:43:190:43:190:76":34,"s:191:6:191:Infinity":68,"b:192:6:194:Infinity:undefined:undefined:undefined:undefined":35,"s:192:6:194:Infinity":69,"b:192:10:192:38:192:38:192:62":36,"s:193:8:193:Infinity":70,"b:199:2:202:Infinity:undefined:undefined:undefined:undefined":37,"s:199:2:202:Infinity":71,"b:199:6:199:46:199:46:199:86:199:86:199:126":38,"s:200:4:200:Infinity":72,"s:201:4:201:Infinity":73,"b:205:2:212:Infinity:undefined:undefined:undefined:undefined":39,"s:205:2:212:Infinity":74,"b:206:4:211:Infinity:209:11:211:Infinity":40,"s:206:4:211:Infinity":75,"s:207:6:207:Infinity":76,"s:208:6:208:Infinity":77,"s:210:6:210:Infinity":78,"s:215:24:215:Infinity":79,"b:216:2:227:Infinity:218:9:227:Infinity":41,"s:216:2:227:Infinity":80,"b:216:6:216:46:216:46:216:82":42,"s:217:4:217:Infinity":81,"b:218:9:227:Infinity:221:9:227:Infinity":43,"s:218:9:227:Infinity":82,"b:218:13:218:50:218:50:218:92:218:92:218:139:218:139:218:177":44,"s:219:4:219:Infinity":83,"s:220:4:220:Infinity":84,"b:221:9:227:Infinity:224:9:227:Infinity":45,"s:221:9:227:Infinity":85,"b:221:13:221:51:221:51:221:89":46,"s:222:4:222:Infinity":86,"s:223:4:223:Infinity":87,"b:224:9:227:Infinity:undefined:undefined:undefined:undefined":47,"s:224:9:227:Infinity":88,"s:225:4:225:Infinity":89,"s:226:4:226:Infinity":90,"s:232:23:232:Infinity":91,"b:233:2:239:Infinity:236:9:239:Infinity":48,"s:233:2:239:Infinity":92,"b:233:6:233:58:233:58:233:108:233:108:233:155:233:155:233:196":49,"s:234:4:234:Infinity":93,"s:235:4:235:Infinity":94,"b:236:9:239:Infinity:undefined:undefined:undefined:undefined":50,"s:236:9:239:Infinity":95,"b:236:13:236:60:236:60:236:101:236:101:236:140":51,"s:237:4:237:Infinity":96,"s:238:4:238:Infinity":97,"s:242:22:242:Infinity":98,"b:243:2:249:Infinity:246:9:249:Infinity":52,"s:243:2:249:Infinity":99,"b:243:6:243:44:243:44:243:96:243:96:243:139:243:139:243:185":53,"s:244:4:244:Infinity":100,"s:245:4:245:Infinity":101,"b:246:9:249:Infinity:undefined:undefined:undefined:undefined":54,"s:246:9:249:Infinity":102,"b:246:13:246:58:246:58:246:105:246:105:246:148:246:148:246:186:246:186:246:226":55,"s:247:4:247:Infinity":103,"s:248:4:248:Infinity":104,"s:252:19:252:Infinity":105,"b:253:2:256:Infinity:undefined:undefined:undefined:undefined":56,"s:253:2:256:Infinity":106,"f:253:25:253:30":3,"s:253:35:253:52":107,"s:254:4:254:Infinity":108,"s:255:4:255:Infinity":109,"b:259:2:262:Infinity:undefined:undefined:undefined:undefined":57,"s:259:2:262:Infinity":110,"b:259:6:259:32:259:32:259:55":58,"s:260:4:260:Infinity":111,"s:261:4:261:Infinity":112,"s:265:21:265:Infinity":113,"s:266:23:266:Infinity":114,"b:271:2:286:Infinity:274:9:286:Infinity":59,"s:271:2:286:Infinity":115,"b:271:6:271:43:271:43:271:78:271:78:271:118:271:118:271:164":60,"s:272:4:272:Infinity":116,"s:273:4:273:Infinity":117,"b:274:9:286:Infinity:277:9:286:Infinity":61,"s:274:9:286:Infinity":118,"s:275:4:275:Infinity":119,"s:276:4:276:Infinity":120,"b:277:9:286:Infinity:280:9:286:Infinity":62,"s:277:9:286:Infinity":121,"s:278:4:278:Infinity":122,"s:279:4:279:Infinity":123,"b:280:9:286:Infinity:283:9:286:Infinity":63,"s:280:9:286:Infinity":124,"s:281:4:281:Infinity":125,"s:282:4:282:Infinity":126,"s:284:4:284:Infinity":127,"s:285:4:285:Infinity":128,"b:289:2:297:Infinity:291:9:297:Infinity":64,"s:289:2:297:Infinity":129,"s:290:4:290:Infinity":130,"b:291:9:297:Infinity:293:9:297:Infinity":65,"s:291:9:297:Infinity":131,"s:292:4:292:Infinity":132,"b:293:9:297:Infinity:295:9:297:Infinity":66,"s:293:9:297:Infinity":133,"s:294:4:294:Infinity":134,"s:296:4:296:Infinity":135,"s:299:2:314:Infinity":136},"fnNames":{}}}
}
